<?xml version="1.0" encoding="UTF-8"?>
<!-- Generated by org.testng.reporters.JUnitXMLReporter -->
<testsuite hostname="Dell-Inspiron-5570" ignored="0" name="Test" tests="1" failures="1" timestamp="2020-03-19T21:23:53 CET" time="56.399" errors="0">
  <testcase name="totalValidation" time="56.357" classname="e2e.AppiumFramework.GeneralStoreTest">
    <failure type="java.lang.NullPointerException">
      <![CDATA[java.lang.NullPointerException
at e2e.AppiumFramework.GeneralStoreTest.totalValidation(GeneralStoreTest.java:104)
at java.util.ArrayList.forEach(Unknown Source)
... Removed 27 stack frames]]>
    </failure>
  </testcase> <!-- totalValidation -->
</testsuite> <!-- Test -->
