<?xml version="1.0" encoding="UTF-8"?>
<testng-results skipped="0" failed="0" ignored="0" total="2" passed="2">
  <reporter-output>
  </reporter-output>
  <suite name="Suite" duration-ms="53914" started-at="2020-03-21T15:19:17 CET" finished-at="2020-03-21T15:20:11 CET">
    <groups>
    </groups>
    <test name="Test" duration-ms="53914" started-at="2020-03-21T15:19:17 CET" finished-at="2020-03-21T15:20:11 CET">
      <class name="e2e.AppiumFramework.ApiDemoTest">
        <test-method status="PASS" signature="apiDemoTest(java.lang.String)[pri:0, instance:e2e.AppiumFramework.ApiDemoTest@ed9d034]" name="apiDemoTest" duration-ms="28808" started-at="2020-03-21T15:19:17 CET" data-provider="InputData" finished-at="2020-03-21T15:19:46 CET">
          <params>
            <param index="0">
              <value>
                <![CDATA[hello]]>
              </value>
            </param>
          </params>
          <reporter-output>
          </reporter-output>
        </test-method> <!-- apiDemoTest -->
        <test-method status="PASS" signature="apiDemoTest(java.lang.String)[pri:0, instance:e2e.AppiumFramework.ApiDemoTest@ed9d034]" name="apiDemoTest" duration-ms="25068" started-at="2020-03-21T15:19:46 CET" data-provider="InputData" finished-at="2020-03-21T15:20:11 CET">
          <params>
            <param index="0">
              <value>
                <![CDATA[@#$%]]>
              </value>
            </param>
          </params>
          <reporter-output>
          </reporter-output>
        </test-method> <!-- apiDemoTest -->
      </class> <!-- e2e.AppiumFramework.ApiDemoTest -->
    </test> <!-- Test -->
  </suite> <!-- Suite -->
</testng-results>
